2025-09-15 23:03:03 [INFO ] CommonHooks_Step_Definition - Running BeforeScenario for scenario: Verify the directory details contains mention employee details
2025-09-15 23:03:03 [INFO ] CommonSetupUtils - Properties data are run successfully
2025-09-15 23:03:03 [INFO ] CommonHooks_Step_Definition - Launching browser from Common_Step_Definition...
2025-09-15 23:03:03 [INFO ] DriverManager - The Browser Selected: chrome
2025-09-15 23:03:07 [INFO ] CommonHooks_Step_Definition - Platform navigates to login page
2025-09-15 23:03:16 [INFO ] CommonHooks_Step_Definition - Entering the credentials username and password
2025-09-15 23:03:17 [INFO ] CommonHooks_Step_Definition - Credentials Working fine, login into platform
2025-09-15 23:03:17 [INFO ] LoginSteps - Platform navigates to login page
2025-09-15 23:03:21 [INFO ] LoginSteps - Entering the credentials username and password
2025-09-15 23:03:36 [INFO ] CommonHooks_Step_Definition - Browser Close after all test scenarios.
2025-09-15 23:04:59 [INFO ] CommonHooks_Step_Definition - Running BeforeScenario for scenario: Verify the directory details contains mention employee details
2025-09-15 23:04:59 [INFO ] CommonSetupUtils - Properties data are run successfully
2025-09-15 23:04:59 [INFO ] CommonHooks_Step_Definition - Launching browser from Common_Step_Definition...
2025-09-15 23:04:59 [INFO ] DriverManager - The Browser Selected: chrome
2025-09-15 23:05:02 [INFO ] CommonHooks_Step_Definition - Platform navigates to login page
2025-09-15 23:05:08 [INFO ] CommonHooks_Step_Definition - Entering the credentials username and password
2025-09-15 23:05:11 [INFO ] CommonHooks_Step_Definition - Credentials Working fine, login into platform
2025-09-15 23:05:11 [INFO ] LoginSteps - Platform navigates to login page
2025-09-15 23:05:13 [INFO ] LoginSteps - Entering the credentials username and password
2025-09-15 23:06:26 [INFO ] CommonHooks_Step_Definition - Running BeforeScenario for scenario: Verify the portal allows the users to login with valid credentials
2025-09-15 23:06:26 [INFO ] CommonSetupUtils - Properties data are run successfully
2025-09-15 23:06:26 [INFO ] CommonHooks_Step_Definition - Launching browser from Common_Step_Definition...
2025-09-15 23:06:26 [INFO ] DriverManager - The Browser Selected: chrome
2025-09-15 23:06:28 [INFO ] CommonHooks_Step_Definition - Platform navigates to login page
2025-09-15 23:06:33 [INFO ] CommonHooks_Step_Definition - Entering the credentials username and password
2025-09-15 23:06:36 [INFO ] CommonHooks_Step_Definition - Credentials Working fine, login into platform
2025-09-15 23:06:36 [INFO ] LoginSteps - Platform navigates to login page
2025-09-15 23:06:37 [INFO ] LoginSteps - Entering the credentials username and password
2025-09-15 23:09:41 [INFO ] CommonHooks_Step_Definition - Running BeforeScenario for scenario: Verify the portal allows the users to login with valid credentials
2025-09-15 23:09:41 [INFO ] CommonSetupUtils - Properties data are run successfully
2025-09-15 23:09:41 [INFO ] CommonHooks_Step_Definition - Launching browser from Common_Step_Definition...
2025-09-15 23:09:41 [INFO ] DriverManager - The Browser Selected: chrome
2025-09-15 23:09:43 [INFO ] CommonHooks_Step_Definition - Platform navigates to login page
2025-09-15 23:09:49 [INFO ] CommonHooks_Step_Definition - Entering the credentials username and password
2025-09-15 23:09:52 [INFO ] CommonHooks_Step_Definition - Credentials Working fine, login into platform
2025-09-15 23:09:53 [INFO ] LoginSteps - The url contains dashboard
2025-09-15 23:09:53 [INFO ] LoginSteps - The Dashboard Title is visible also contains the text
2025-09-15 23:09:53 [INFO ] CommonHooks_Step_Definition - Browser Close after all test scenarios.
2025-09-15 23:11:11 [INFO ] CommonHooks_Step_Definition - Running BeforeScenario for scenario: Verify the directory details contains mention employee details
2025-09-15 23:11:11 [INFO ] CommonSetupUtils - Properties data are run successfully
2025-09-15 23:11:11 [INFO ] CommonHooks_Step_Definition - Launching browser from Common_Step_Definition...
2025-09-15 23:11:11 [INFO ] DriverManager - The Browser Selected: chrome
2025-09-15 23:11:13 [INFO ] CommonHooks_Step_Definition - Platform navigates to login page
2025-09-15 23:11:18 [INFO ] CommonHooks_Step_Definition - Entering the credentials username and password
2025-09-15 23:11:19 [INFO ] CommonHooks_Step_Definition - Credentials Working fine, login into platform
2025-09-15 23:11:22 [INFO ] LoginSteps - The url contains dashboard
2025-09-15 23:11:22 [INFO ] LoginSteps - The Dashboard Title is visible also contains the text
2025-09-15 23:11:22 [INFO ] DirectorySteps - Selecting the Directory navbar...
2025-09-15 23:11:23 [INFO ] DirectorySteps - Waiting for the Directory title bar to be visible.
2025-09-15 23:11:24 [INFO ] DirectorySteps - Fetched Directory title: 'Directory'
2025-09-15 23:11:24 [ERROR] DirectorySteps - Assertion failed: The field does not contain 'Directory' ==> expected: <Direc> but was: <Directory>
2025-09-15 23:11:24 [INFO ] CommonHooks_Step_Definition - Browser Close after all test scenarios.
2025-09-15 23:12:11 [INFO ] CommonHooks_Step_Definition - Running BeforeScenario for scenario: Verify the directory details contains mention employee details
2025-09-15 23:12:11 [INFO ] CommonSetupUtils - Properties data are run successfully
2025-09-15 23:12:11 [INFO ] CommonHooks_Step_Definition - Launching browser from Common_Step_Definition...
2025-09-15 23:12:11 [INFO ] DriverManager - The Browser Selected: chrome
2025-09-15 23:12:13 [INFO ] CommonHooks_Step_Definition - Platform navigates to login page
2025-09-15 23:12:18 [INFO ] CommonHooks_Step_Definition - Entering the credentials username and password
2025-09-15 23:12:20 [INFO ] CommonHooks_Step_Definition - Credentials Working fine, login into platform
2025-09-15 23:12:22 [INFO ] LoginSteps - The url contains dashboard
2025-09-15 23:12:22 [INFO ] LoginSteps - The Dashboard Title is visible also contains the text
2025-09-15 23:12:22 [INFO ] DirectorySteps - Selecting the Directory navbar...
2025-09-15 23:12:23 [INFO ] DirectorySteps - Waiting for the Directory title bar to be visible.
2025-09-15 23:12:24 [INFO ] DirectorySteps - Fetched Directory title: 'Directory'
2025-09-15 23:12:24 [ERROR] DirectorySteps - Assertion failed: The field does not contain 'Directory' ==> expected: <Direc> but was: <Directory>
2025-09-15 23:12:24 [INFO ] CommonHooks_Step_Definition - Browser Close after all test scenarios.
2025-09-15 23:15:17 [INFO ] CommonHooks_Step_Definition - Running BeforeScenario for scenario: Verify the directory details contains mention employee details
2025-09-15 23:15:17 [INFO ] CommonSetupUtils - Properties data are run successfully
2025-09-15 23:15:17 [INFO ] CommonHooks_Step_Definition - Launching browser from Common_Step_Definition...
2025-09-15 23:15:17 [INFO ] DriverManager - The Browser Selected: chrome
2025-09-15 23:15:19 [INFO ] CommonHooks_Step_Definition - Platform navigates to login page
2025-09-15 23:15:25 [INFO ] CommonHooks_Step_Definition - Entering the credentials username and password
2025-09-15 23:15:28 [INFO ] CommonHooks_Step_Definition - Credentials Working fine, login into platform
2025-09-15 23:15:29 [INFO ] LoginSteps - The url contains dashboard
2025-09-15 23:15:29 [INFO ] LoginSteps - The Dashboard Title is visible also contains the text
2025-09-15 23:15:29 [INFO ] DirectorySteps - Selecting the Directory navbar...
2025-09-15 23:15:31 [INFO ] DirectorySteps - Waiting for the Directory title bar to be visible.
2025-09-15 23:15:32 [INFO ] DirectorySteps - Fetched Directory title: 'Directory'
2025-09-15 23:15:32 [INFO ] DirectorySteps - Assertion passed: Directory title is correct.
2025-09-15 23:15:32 [INFO ] DirectorySteps - Waiting for Employee Name header to be visible.
2025-09-15 23:15:32 [INFO ] DirectorySteps - Fetched Employee Name header: 'Employee Name'
2025-09-15 23:15:32 [INFO ] DirectorySteps - Assertion passed: Employee Name header is correct.
2025-09-15 23:15:32 [INFO ] DirectorySteps - Waiting for Job Title header to be visible.
2025-09-15 23:15:32 [INFO ] DirectorySteps - Fetched Job Title header: 'Job Title'
2025-09-15 23:15:32 [INFO ] DirectorySteps - Assertion passed: Job Title header is correct.
2025-09-15 23:15:32 [INFO ] DirectorySteps - Waiting for Location header to be visible.
2025-09-15 23:15:32 [INFO ] DirectorySteps - Fetched Location header: 'Location'
2025-09-15 23:15:32 [INFO ] DirectorySteps - Assertion passed: Location header is correct.
2025-09-15 23:15:32 [INFO ] DirectorySteps - Select the Employee Role in the Dropdown
2025-09-15 23:15:33 [INFO ] DirectorySteps - Selected Employee Role is: HR Manager
2025-09-15 23:15:35 [INFO ] CommonHooks_Step_Definition - Browser Close after all test scenarios.
2025-09-15 23:17:35 [INFO ] CommonHooks_Step_Definition - BeforeHooks---------------------------------------------------
2025-09-15 23:17:35 [INFO ] CommonHooks_Step_Definition - Running BeforeScenario for scenario: Verify the directory details contains mention employee details
2025-09-15 23:17:35 [INFO ] CommonSetupUtils - Properties data are run successfully
2025-09-15 23:17:35 [INFO ] CommonHooks_Step_Definition - Launching browser from Common_Step_Definition...
2025-09-15 23:17:35 [INFO ] DriverManager - The Browser Selected: chrome
2025-09-15 23:17:37 [INFO ] CommonHooks_Step_Definition - Platform navigates to login page
2025-09-15 23:18:08 [INFO ] CommonHooks_Step_Definition - Entering the credentials username and password
